0 info it worked if it ends with ok
1 verbose cli [ 'node', '/usr/local/bin/npm', 'install', 'express.js' ]
2 info using npm@1.4.28
3 info using node@v0.10.35
4 verbose cache add [ 'express.js', null ]
5 verbose cache add name=undefined spec="express.js" args=["express.js",null]
6 verbose parsed url { protocol: null,
6 verbose parsed url   slashes: null,
6 verbose parsed url   auth: null,
6 verbose parsed url   host: null,
6 verbose parsed url   port: null,
6 verbose parsed url   hostname: null,
6 verbose parsed url   hash: null,
6 verbose parsed url   search: null,
6 verbose parsed url   query: null,
6 verbose parsed url   pathname: 'express.js',
6 verbose parsed url   path: 'express.js',
6 verbose parsed url   href: 'express.js' }
7 silly lockFile c23fe01e-express-js express.js
8 verbose lock express.js /Users/Antonin/.npm/c23fe01e-express-js.lock
9 silly lockFile c23fe01e-express-js express.js
10 silly lockFile c23fe01e-express-js express.js
11 verbose addNamed [ 'express.js', '' ]
12 verbose addNamed [ null, '*' ]
13 silly lockFile 2a40939a-express-js express.js@
14 verbose lock express.js@ /Users/Antonin/.npm/2a40939a-express-js.lock
15 silly addNameRange { name: 'express.js', range: '*', hasData: false }
16 verbose request where is /express.js
17 verbose request registry https://registry.npmjs.org/
18 verbose request id a70abb01c988297b
19 verbose url raw /express.js
20 verbose url resolving [ 'https://registry.npmjs.org/', './express.js' ]
21 verbose url resolved https://registry.npmjs.org/express.js
22 verbose request where is https://registry.npmjs.org/express.js
23 info trying registry request attempt 1 at 15:53:57
24 http GET https://registry.npmjs.org/express.js
25 http 404 https://registry.npmjs.org/express.js
26 verbose headers { date: 'Mon, 12 Jan 2015 14:53:58 GMT',
26 verbose headers   server: 'CouchDB/1.5.0 (Erlang OTP/R16B03)',
26 verbose headers   'content-type': 'application/json',
26 verbose headers   'cache-control': 'max-age=0',
26 verbose headers   'content-length': '52',
26 verbose headers   'accept-ranges': 'bytes',
26 verbose headers   via: '1.1 varnish',
26 verbose headers   age: '0',
26 verbose headers   'x-served-by': 'cache-lcy1128-LCY',
26 verbose headers   'x-cache': 'MISS',
26 verbose headers   'x-cache-hits': '0',
26 verbose headers   'x-timer': 'S1421074438.102990,VS0,VE153',
26 verbose headers   'keep-alive': 'timeout=10, max=50',
26 verbose headers   connection: 'Keep-Alive' }
27 silly registry.get cb [ 404,
27 silly registry.get   { date: 'Mon, 12 Jan 2015 14:53:58 GMT',
27 silly registry.get     server: 'CouchDB/1.5.0 (Erlang OTP/R16B03)',
27 silly registry.get     'content-type': 'application/json',
27 silly registry.get     'cache-control': 'max-age=0',
27 silly registry.get     'content-length': '52',
27 silly registry.get     'accept-ranges': 'bytes',
27 silly registry.get     via: '1.1 varnish',
27 silly registry.get     age: '0',
27 silly registry.get     'x-served-by': 'cache-lcy1128-LCY',
27 silly registry.get     'x-cache': 'MISS',
27 silly registry.get     'x-cache-hits': '0',
27 silly registry.get     'x-timer': 'S1421074438.102990,VS0,VE153',
27 silly registry.get     'keep-alive': 'timeout=10, max=50',
27 silly registry.get     connection: 'Keep-Alive' } ]
28 silly lockFile 2a40939a-express-js express.js@
29 silly lockFile 2a40939a-express-js express.js@
30 error 404 404 Not Found: express.js
30 error 404
30 error 404 'express.js' is not in the npm registry.
30 error 404 You should bug the author to publish it
30 error 404
30 error 404 Maybe try 'npm search express'
30 error 404
30 error 404 Note that you can also install from a
30 error 404 tarball, folder, or http url, or git url.
31 error System Darwin 14.0.0
32 error command "node" "/usr/local/bin/npm" "install" "express.js"
33 error cwd /Users/Antonin/Documents/ECE/ING5/PFE/webCast
34 error node -v v0.10.35
35 error npm -v 1.4.28
36 error code E404
37 verbose exit [ 1, true ]
